<?xml version="1.0" encoding="UTF-8"?>
<!-- Generated by org.testng.reporters.JUnitReportReporter -->
<testsuite hostname="IBM-PF3183HA" failures="0" tests="6" name="api.test.DataDrivenTests" time="9.080" errors="0" timestamp="2023-11-23T19:52:05 IST" skipped="0">
  <testcase classname="api.test.DataDrivenTests" name="testPostUser" time="2.756"/>
  <testcase classname="api.test.DataDrivenTests" name="testPostUser" time="1.291"/>
  <testcase classname="api.test.DataDrivenTests" name="testPostUser" time="1.250"/>
  <testcase classname="api.test.DataDrivenTests" name="testDeleteUserByName" time="1.261"/>
  <testcase classname="api.test.DataDrivenTests" name="testDeleteUserByName" time="1.232"/>
  <testcase classname="api.test.DataDrivenTests" name="testDeleteUserByName" time="1.290"/>
</testsuite> <!-- api.test.DataDrivenTests -->
