<?xml version="1.0" encoding="UTF-8"?>
<!-- Generated by org.testng.reporters.JUnitReportReporter -->
<testsuite hostname="IBM-PF3183HA" failures="0" tests="4" name="api.test.UserTests" time="11.684" errors="0" timestamp="2023-11-24T10:20:48 IST" skipped="0">
  <testcase classname="api.test.UserTests" name="testPostUser" time="4.385"/>
  <testcase classname="api.test.UserTests" name="testGetUserByName" time="1.471"/>
  <testcase classname="api.test.UserTests" name="testUpdateUserByName" time="4.487"/>
  <testcase classname="api.test.UserTests" name="testDeleteUserByName" time="1.341"/>
</testsuite> <!-- api.test.UserTests -->
