<?xml version="1.0" encoding="UTF-8"?>
<!-- Generated by org.testng.reporters.JUnitReportReporter -->
<testsuite hostname="IBM-PF3183HA" failures="0" tests="6" name="api.test.DataDrivenTests" time="9.327" errors="0" timestamp="2023-11-24T11:52:19 IST" skipped="0">
  <testcase classname="api.test.DataDrivenTests" name="testPostUser" time="1.233"/>
  <testcase classname="api.test.DataDrivenTests" name="testPostUser" time="2.937"/>
  <testcase classname="api.test.DataDrivenTests" name="testPostUser" time="1.222"/>
  <testcase classname="api.test.DataDrivenTests" name="testDeleteUserByName" time="1.357"/>
  <testcase classname="api.test.DataDrivenTests" name="testDeleteUserByName" time="1.353"/>
  <testcase classname="api.test.DataDrivenTests" name="testDeleteUserByName" time="1.225"/>
</testsuite> <!-- api.test.DataDrivenTests -->
