<?xml version="1.0" encoding="UTF-8"?>
<!-- Generated by org.testng.reporters.JUnitReportReporter -->
<testsuite hostname="IBM-PF3183HA" failures="0" tests="4" name="api.test.UserTests" time="8.994" errors="0" timestamp="2023-11-24T12:04:03 IST" skipped="0">
  <testcase classname="api.test.UserTests" name="testPostUser" time="3.936"/>
  <testcase classname="api.test.UserTests" name="testGetUserByName" time="1.245"/>
  <testcase classname="api.test.UserTests" name="testUpdateUserByName" time="2.564"/>
  <testcase classname="api.test.UserTests" name="testDeleteUserByName" time="1.249"/>
</testsuite> <!-- api.test.UserTests -->
